

============================== 2022-12-28 17:03:44.156792 | af5be982-0852-45a5-a1b3-845207269d2a ==============================
[0m17:03:44.156792 [info ] [MainThread]: Running with dbt=1.3.1
[0m17:03:44.157792 [debug] [MainThread]: running dbt with arguments {'write_json': True, 'use_colors': True, 'printer_width': 80, 'version_check': True, 'partial_parse': True, 'static_parser': True, 'profiles_dir': 'C:\\Users\\PS\\.dbt', 'send_anonymous_usage_stats': True, 'event_buffer_size': 100000, 'quiet': False, 'no_print': False, 'skip_profile_setup': False, 'which': 'init', 'indirect_selection': 'eager'}
[0m17:03:44.158914 [debug] [MainThread]: Tracking: tracking
[0m17:03:44.202146 [debug] [MainThread]: Sending event: {'category': 'dbt', 'action': 'invocation', 'label': 'start', 'context': [<snowplow_tracker.self_describing_json.SelfDescribingJson object at 0x0000024D653726D0>, <snowplow_tracker.self_describing_json.SelfDescribingJson object at 0x0000024D65372AC0>, <snowplow_tracker.self_describing_json.SelfDescribingJson object at 0x0000024D653728B0>]}
[0m17:03:45.145726 [debug] [MainThread]: Sending event: {'category': 'dbt', 'action': 'invocation', 'label': 'end', 'context': [<snowplow_tracker.self_describing_json.SelfDescribingJson object at 0x0000024D6535F2B0>, <snowplow_tracker.self_describing_json.SelfDescribingJson object at 0x0000024D6535F460>, <snowplow_tracker.self_describing_json.SelfDescribingJson object at 0x0000024D6535F370>]}
[0m17:03:45.146717 [debug] [MainThread]: Flushing usage events
[0m17:03:46.467638 [error] [MainThread]: Encountered an error:

[0m17:03:46.513021 [error] [MainThread]: Traceback (most recent call last):
  File "C:\Users\PS\AppData\Local\Programs\Python\Python39\lib\site-packages\dbt\main.py", line 135, in main
    results, succeeded = handle_and_check(args)
  File "C:\Users\PS\AppData\Local\Programs\Python\Python39\lib\site-packages\dbt\main.py", line 198, in handle_and_check
    task, res = run_from_args(parsed)
  File "C:\Users\PS\AppData\Local\Programs\Python\Python39\lib\site-packages\dbt\main.py", line 245, in run_from_args
    results = task.run()
  File "C:\Users\PS\AppData\Local\Programs\Python\Python39\lib\site-packages\dbt\task\init.py", line 313, in run
    project_name = self.get_valid_project_name()
  File "C:\Users\PS\AppData\Local\Programs\Python\Python39\lib\site-packages\dbt\task\init.py", line 270, in get_valid_project_name
    name = click.prompt("Enter a name for your project (letters, digits, underscore)")
  File "C:\Users\PS\AppData\Local\Programs\Python\Python39\lib\site-packages\click\termui.py", line 166, in prompt
    value = prompt_func(prompt)
  File "C:\Users\PS\AppData\Local\Programs\Python\Python39\lib\site-packages\click\termui.py", line 149, in prompt_func
    raise Abort() from None
click.exceptions.Abort



============================== 2022-12-28 17:03:50.978269 | 03a9833a-76e8-4bb2-b56e-a1b21a8301d0 ==============================
[0m17:03:50.978269 [info ] [MainThread]: Running with dbt=1.3.1
[0m17:03:50.979230 [debug] [MainThread]: running dbt with arguments {'write_json': True, 'use_colors': True, 'printer_width': 80, 'version_check': True, 'partial_parse': True, 'static_parser': True, 'profiles_dir': 'C:\\Users\\PS\\.dbt', 'send_anonymous_usage_stats': True, 'event_buffer_size': 100000, 'quiet': False, 'no_print': False, 'skip_profile_setup': False, 'which': 'init', 'indirect_selection': 'eager'}
[0m17:03:50.979230 [debug] [MainThread]: Tracking: tracking
[0m17:03:51.015229 [debug] [MainThread]: Sending event: {'category': 'dbt', 'action': 'invocation', 'label': 'start', 'context': [<snowplow_tracker.self_describing_json.SelfDescribingJson object at 0x000001B71A4ED970>, <snowplow_tracker.self_describing_json.SelfDescribingJson object at 0x000001B71A4EDB80>, <snowplow_tracker.self_describing_json.SelfDescribingJson object at 0x000001B71A4EDA00>]}
[0m17:04:15.263960 [debug] [MainThread]: Starter project path: C:\Users\PS\AppData\Local\Programs\Python\Python39\lib\site-packages\dbt\include\starter_project
[0m17:04:21.554268 [info ] [MainThread]: 
Your new dbt project "flight_bookings" was created!

For more information on how to configure the profiles.yml file,
please consult the dbt documentation here:

  https://docs.getdbt.com/docs/configure-your-profile

One more thing:

Need help? Don't hesitate to reach out to us via GitHub issues or on Slack:

  https://community.getdbt.com/

Happy modeling!

[0m17:04:21.556287 [debug] [MainThread]: Sending event: {'category': 'dbt', 'action': 'invocation', 'label': 'end', 'context': [<snowplow_tracker.self_describing_json.SelfDescribingJson object at 0x000001B71819A7F0>, <snowplow_tracker.self_describing_json.SelfDescribingJson object at 0x000001B71A5C5040>, <snowplow_tracker.self_describing_json.SelfDescribingJson object at 0x000001B71A5C54C0>]}
[0m17:04:21.557287 [debug] [MainThread]: Flushing usage events
